# JRE version: OpenJDK Runtime Environment (11.0.13) (build 11.0.13+0-b1751.21-8125866)
# Java VM: OpenJDK 64-Bit Server VM (11.0.13+0-b1751.21-8125866, mixed mode, tiered, compressed oops, g1 gc, windows-amd64)
Heap:
 garbage-first heap   total 905216K, used 237293K [0x0000000080000000, 0x0000000100000000)
  region size 1024K, 3 young (3072K), 3 survivors (3072K)
 Metaspace       used 135287K, capacity 139101K, committed 140976K, reserved 1171456K
  class space    used 16859K, capacity 18372K, committed 18944K, reserved 1048576K
GC Heap History (20 events):
Event: 3038.701 GC heap after
{Heap after GC invocations=141 (full 0):
 garbage-first heap   total 334848K, used 282860K [0x0000000080000000, 0x0000000100000000)
  region size 1024K, 2 young (2048K), 2 survivors (2048K)
 Metaspace       used 134862K, capacity 139258K, committed 139440K, reserved 1169408K
  class space    used 17020K, capacity 18680K, committed 18688K, reserved 1048576K
}
Event: 3039.006 GC heap before
{Heap before GC invocations=141 (full 0):
 garbage-first heap   total 334848K, used 297196K [0x0000000080000000, 0x0000000100000000)
  region size 1024K, 16 young (16384K), 2 survivors (2048K)
 Metaspace       used 134975K, capacity 139386K, committed 139568K, reserved 1169408K
  class space    used 17029K, capacity 18721K, committed 18816K, reserved 1048576K
}
Event: 3039.024 GC heap after
{Heap after GC invocations=142 (full 0):
 garbage-first heap   total 334848K, used 285665K [0x0000000080000000, 0x0000000100000000)
  region size 1024K, 2 young (2048K), 2 survivors (2048K)
 Metaspace       used 134975K, capacity 139386K, committed 139568K, reserved 1169408K
  class space    used 17029K, capacity 18721K, committed 18816K, reserved 1048576K
}
Event: 3039.323 GC heap before
{Heap before GC invocations=142 (full 0):
 garbage-first heap   total 334848K, used 300001K [0x0000000080000000, 0x0000000100000000)
  region size 1024K, 16 young (16384K), 2 survivors (2048K)
 Metaspace       used 135035K, capacity 139457K, committed 139568K, reserved 1169408K
  class space    used 17029K, capacity 18721K, committed 18816K, reserved 1048576K
}
Event: 3039.340 GC heap after
{Heap after GC invocations=143 (full 0):
 garbage-first heap   total 334848K, used 288413K [0x0000000080000000, 0x0000000100000000)
  region size 1024K, 2 young (2048K), 2 survivors (2048K)
 Metaspace       used 135035K, capacity 139457K, committed 139568K, reserved 1169408K
  class space    used 17029K, capacity 18721K, committed 18816K, reserved 1048576K
}
Event: 3039.546 GC heap before
{Heap before GC invocations=143 (full 0):
 garbage-first heap   total 334848K, used 302749K [0x0000000080000000, 0x0000000100000000)
  region size 1024K, 16 young (16384K), 2 survivors (2048K)
 Metaspace       used 135233K, capacity 139644K, committed 139824K, reserved 1171456K
  class space    used 17065K, capacity 18763K, committed 18816K, reserved 1048576K
}
Event: 3039.569 GC heap after
{Heap after GC invocations=144 (full 0):
 garbage-first heap   total 334848K, used 291315K [0x0000000080000000, 0x0000000100000000)
  region size 1024K, 2 young (2048K), 2 survivors (2048K)
 Metaspace       used 135233K, capacity 139644K, committed 139824K, reserved 1171456K
  class space    used 17065K, capacity 18763K, committed 18816K, reserved 1048576K
}
Event: 3039.826 GC heap before
{Heap before GC invocations=144 (full 0):
 garbage-first heap   total 334848K, used 305651K [0x0000000080000000, 0x0000000100000000)
  region size 1024K, 16 young (16384K), 2 survivors (2048K)
 Metaspace       used 135462K, capacity 139969K, committed 140208K, reserved 1171456K
  class space    used 17104K, capacity 18828K, committed 18944K, reserved 1048576K
}
Event: 3039.846 GC heap after
{Heap after GC invocations=145 (full 0):
 garbage-first heap   total 334848K, used 294419K [0x0000000080000000, 0x0000000100000000)
  region size 1024K, 2 young (2048K), 2 survivors (2048K)
 Metaspace       used 135462K, capacity 139969K, committed 140208K, reserved 1171456K
  class space    used 17104K, capacity 18828K, committed 18944K, reserved 1048576K
}
Event: 3040.072 GC heap before
{Heap before GC invocations=145 (full 0):
 garbage-first heap   total 334848K, used 308755K [0x0000000080000000, 0x0000000100000000)
  region size 1024K, 16 young (16384K), 2 survivors (2048K)
 Metaspace       used 135600K, capacity 140105K, committed 140464K, reserved 1171456K
  class space    used 17105K, capacity 18829K, committed 18944K, reserved 1048576K
}
Event: 3040.122 GC heap after
{Heap after GC invocations=146 (full 0):
 garbage-first heap   total 334848K, used 297231K [0x0000000080000000, 0x0000000100000000)
  region size 1024K, 2 young (2048K), 2 survivors (2048K)
 Metaspace       used 135600K, capacity 140105K, committed 140464K, reserved 1171456K
  class space    used 17105K, capacity 18829K, committed 18944K, reserved 1048576K
}
Event: 3040.431 GC heap before
{Heap before GC invocations=146 (full 0):
 garbage-first heap   total 334848K, used 311567K [0x0000000080000000, 0x0000000100000000)
  region size 1024K, 16 young (16384K), 2 survivors (2048K)
 Metaspace       used 135614K, capacity 140106K, committed 140464K, reserved 1171456K
  class space    used 17105K, capacity 18829K, committed 18944K, reserved 1048576K
}
Event: 3040.492 GC heap after
{Heap after GC invocations=147 (full 0):
 garbage-first heap   total 519168K, used 300155K [0x0000000080000000, 0x0000000100000000)
  region size 1024K, 2 young (2048K), 2 survivors (2048K)
 Metaspace       used 135614K, capacity 140106K, committed 140464K, reserved 1171456K
  class space    used 17105K, capacity 18829K, committed 18944K, reserved 1048576K
}
Event: 3045.119 GC heap before
{Heap before GC invocations=148 (full 0):
 garbage-first heap   total 519168K, used 344187K [0x0000000080000000, 0x0000000100000000)
  region size 1024K, 60 young (61440K), 2 survivors (2048K)
 Metaspace       used 135097K, capacity 138949K, committed 140720K, reserved 1171456K
  class space    used 16857K, capacity 18370K, committed 18944K, reserved 1048576K
}
Event: 3045.184 GC heap after
{Heap after GC invocations=149 (full 0):
 garbage-first heap   total 519168K, used 291584K [0x0000000080000000, 0x0000000100000000)
  region size 1024K, 8 young (8192K), 8 survivors (8192K)
 Metaspace       used 135097K, capacity 138949K, committed 140720K, reserved 1171456K
  class space    used 16857K, capacity 18370K, committed 18944K, reserved 1048576K
}
Event: 3045.732 GC heap before
{Heap before GC invocations=149 (full 0):
 garbage-first heap   total 519168K, used 308992K [0x0000000080000000, 0x0000000100000000)
  region size 1024K, 25 young (25600K), 8 survivors (8192K)
 Metaspace       used 135164K, capacity 139025K, committed 140976K, reserved 1171456K
  class space    used 16858K, capacity 18370K, committed 18944K, reserved 1048576K
}
Event: 3045.918 GC heap after
{Heap after GC invocations=150 (full 0):
 garbage-first heap   total 519168K, used 245018K [0x0000000080000000, 0x0000000100000000)
  region size 1024K, 3 young (3072K), 3 survivors (3072K)
 Metaspace       used 135164K, capacity 139025K, committed 140976K, reserved 1171456K
  class space    used 16858K, capacity 18370K, committed 18944K, reserved 1048576K
}
Event: 3046.428 GC heap before
{Heap before GC invocations=150 (full 0):
 garbage-first heap   total 519168K, used 266522K [0x0000000080000000, 0x0000000100000000)
  region size 1024K, 25 young (25600K), 3 survivors (3072K)
 Metaspace       used 135188K, capacity 139030K, committed 140976K, reserved 1171456K
  class space    used 16859K, capacity 18372K, committed 18944K, reserved 1048576K
}
Event: 3046.645 GC heap after
{Heap after GC invocations=151 (full 0):
 garbage-first heap   total 519168K, used 238554K [0x0000000080000000, 0x0000000100000000)
  region size 1024K, 3 young (3072K), 3 survivors (3072K)
 Metaspace       used 135188K, capacity 139030K, committed 140976K, reserved 1171456K
  class space    used 16859K, capacity 18372K, committed 18944K, reserved 1048576K
}
Event: 3047.534 GC heap before
{Heap before GC invocations=151 (full 0):
 garbage-first heap   total 519168K, used 261082K [0x0000000080000000, 0x0000000100000000)
  region size 1024K, 25 young (25600K), 3 survivors (3072K)
 Metaspace       used 135287K, capacity 139101K, committed 140976K, reserved 1171456K
  class space    used 16859K, capacity 18372K, committed 18944K, reserved 1048576K
}

